<?xml version="1.0" encoding="UTF-8"?>
<testsuite name="InvoiceServiceTest" tests="1" skipped="0" failures="0" errors="0" timestamp="2020-10-12T04:56:23" hostname="DESKTOP-JVE4C36" time="0.005">
  <properties/>
  <testcase name="givingMultipleRides_ShouldReturnInvoiceSummary" classname="InvoiceServiceTest" time="0.005"/>
  <system-out><![CDATA[]]></system-out>
  <system-err><![CDATA[]]></system-err>
</testsuite>
