<?xml version="1.0" encoding="UTF-8"?>
<testsuite name="InvoiceServiceTest" tests="7" skipped="0" failures="0" errors="0" timestamp="2020-10-13T11:41:15" hostname="DESKTOP-JVE4C36" time="0.359">
  <properties/>
  <testcase name="givingLessDistance_forPremiumRide_ShouldReturnFare" classname="InvoiceServiceTest" time="0.291"/>
  <testcase name="givingMultipleRides_ShouldReturnInvoiceSummary" classname="InvoiceServiceTest" time="0.001"/>
  <testcase name="givingDistance" classname="InvoiceServiceTest" time="0.001"/>
  <testcase name="givingDistance_forNormalRideUsingMockito_ShouldReturnFare" classname="InvoiceServiceTest" time="0.05"/>
  <testcase name="givingDistance_forPremiumRideUsingMockito_ShouldReturnFare" classname="InvoiceServiceTest" time="0.004"/>
  <testcase name="givingLessDistance_ShouldReturnFare" classname="InvoiceServiceTest" time="0.0"/>
  <testcase name="givingUserIdRides_ShouldReturnInvoiceSummary" classname="InvoiceServiceTest" time="0.002"/>
  <system-out><![CDATA[[MockitoHint] InvoiceServiceTest.givingDistance_forNormalRideUsingMockito_ShouldReturnFare (see javadoc for MockitoHint):
[MockitoHint] 1. Unused -> at InvoiceServiceTest.givingDistance_forNormalRideUsingMockito_ShouldReturnFare(InvoiceServiceTest.java:74)

[MockitoHint] InvoiceServiceTest.givingDistance_forPremiumRideUsingMockito_ShouldReturnFare (see javadoc for MockitoHint):
[MockitoHint] 1. Unused -> at InvoiceServiceTest.givingDistance_forPremiumRideUsingMockito_ShouldReturnFare(InvoiceServiceTest.java:85)

]]></system-out>
  <system-err><![CDATA[]]></system-err>
</testsuite>
